Build started 19.02.2018 19:00:43.
     1>Project "c:\Users\trinity22\documents\visual studio 2010\Projects\Array_of_pointers\Array_of_pointers\Array_of_pointers.vcxproj" on node 2 (build target(s)).
     1>InitializeBuildStatus:
         Creating "Debug\Array_of_pointers.unsuccessfulbuild" because "AlwaysCreate" was specified.
       ClCompile:
         C:\Program Files (x86)\Microsoft Visual Studio 10.0\VC\bin\CL.exe /c /ZI /nologo /W3 /WX- /Od /Oy- /D _MBCS /Gm /EHsc /RTC1 /MDd /GS /fp:precise /Zc:wchar_t /Zc:forScope /Fo"Debug\\" /Fd"Debug\vc100.pdb" /Gd /TP /analyze- /errorReport:prompt main.cpp
         main.cpp
     1>c:\users\trinity22\documents\visual studio 2010\projects\array_of_pointers\array_of_pointers\main.cpp(19): warning C4996: 'kbhit': The POSIX name for this item is deprecated. Instead, use the ISO C++ conformant name: _kbhit. See online help for details.
                 c:\program files (x86)\microsoft visual studio 10.0\vc\include\conio.h(130) : see declaration of 'kbhit'
       Link:
         C:\Program Files (x86)\Microsoft Visual Studio 10.0\VC\bin\link.exe /ERRORREPORT:PROMPT /OUT:"c:\users\trinity22\documents\visual studio 2010\Projects\Array_of_pointers\Debug\Array_of_pointers.exe" /NOLOGO kernel32.lib user32.lib gdi32.lib winspool.lib comdlg32.lib advapi32.lib shell32.lib ole32.lib oleaut32.lib uuid.lib odbc32.lib odbccp32.lib /MANIFEST /ManifestFile:"Debug\Array_of_pointers.exe.intermediate.manifest" /MANIFESTUAC:"level='asInvoker' uiAccess='false'" /DEBUG /PDB:"c:\users\trinity22\documents\visual studio 2010\Projects\Array_of_pointers\Debug\Array_of_pointers.pdb" /TLBID:1 /DYNAMICBASE /NXCOMPAT /IMPLIB:"c:\users\trinity22\documents\visual studio 2010\Projects\Array_of_pointers\Debug\Array_of_pointers.lib" /MACHINE:X86 Debug\main.obj
         LINK : c:\users\trinity22\documents\visual studio 2010\Projects\Array_of_pointers\Debug\Array_of_pointers.exe not found or not built by the last incremental link; performing full link
         Array_of_pointers.vcxproj -> c:\users\trinity22\documents\visual studio 2010\Projects\Array_of_pointers\Debug\Array_of_pointers.exe
       Manifest:
         C:\Program Files (x86)\Microsoft SDKs\Windows\v7.0A\bin\mt.exe /nologo /verbose /outputresource:"c:\users\trinity22\documents\visual studio 2010\Projects\Array_of_pointers\Debug\Array_of_pointers.exe;#1" /manifest Debug\Array_of_pointers.exe.intermediate.manifest
       FinalizeBuildStatus:
         Deleting file "Debug\Array_of_pointers.unsuccessfulbuild".
         Touching "Debug\Array_of_pointers.lastbuildstate".
     1>Done Building Project "c:\Users\trinity22\documents\visual studio 2010\Projects\Array_of_pointers\Array_of_pointers\Array_of_pointers.vcxproj" (build target(s)).

Build succeeded.

Time Elapsed 00:00:02.09
