Построение начато 18.01.2018 23:21:02.
     1>Проект "D:\VS_projects\Studio_10\main\main\main.vcxproj" в узле 2 (целевые объекты build).
     1>InitializeBuildStatus:
         Обращение к "Debug\main.unsuccessfulbuild".
       ClCompile:
         C:\Program Files (x86)\Microsoft Visual Studio 10.0\VC\bin\CL.exe /c /ZI /nologo /W3 /WX- /Od /Oy- /D _MBCS /Gm /EHsc /RTC1 /MDd /GS /fp:precise /Zc:wchar_t /Zc:forScope /Fo"Debug\\" /Fd"Debug\vc100.pdb" /Gd /TP /analyze- /errorReport:prompt sourse.cpp
         sourse.cpp
     1>d:\vs_projects\studio_10\main\main\sourse.cpp(22): warning C4996: 'sscanf': This function or variable may be unsafe. Consider using sscanf_s instead. To disable deprecation, use _CRT_SECURE_NO_WARNINGS. See online help for details.
                 c:\program files (x86)\microsoft visual studio 10.0\vc\include\stdio.h(325): см. объявление "sscanf"
     1>d:\vs_projects\studio_10\main\main\sourse.cpp(46): warning C4244: =: преобразование "float" в "int", возможна потеря данных
     1>d:\vs_projects\studio_10\main\main\sourse.cpp(48): warning C4244: =: преобразование "int" в "float", возможна потеря данных
       Link:
         C:\Program Files (x86)\Microsoft Visual Studio 10.0\VC\bin\link.exe /ERRORREPORT:PROMPT /OUT:"D:\VS_projects\Studio_10\main\Debug\main.exe" /NOLOGO kernel32.lib user32.lib gdi32.lib winspool.lib comdlg32.lib advapi32.lib shell32.lib ole32.lib oleaut32.lib uuid.lib odbc32.lib odbccp32.lib /MANIFEST /ManifestFile:"Debug\main.exe.intermediate.manifest" /MANIFESTUAC:"level='asInvoker' uiAccess='false'" /DEBUG /PDB:"D:\VS_projects\Studio_10\main\Debug\main.pdb" /TLBID:1 /DYNAMICBASE /NXCOMPAT /IMPLIB:"D:\VS_projects\Studio_10\main\Debug\main.lib" /MACHINE:X86 Debug\main.obj
         Debug\sourse.obj
         LINK : не найден или не выполнена сборка D:\VS_projects\Studio_10\main\Debug\main.exe при последней инкрементной компоновке; выполняется полная компоновка
         main.vcxproj -> D:\VS_projects\Studio_10\main\Debug\main.exe
       Manifest:
         C:\Program Files (x86)\Microsoft SDKs\Windows\v7.0A\bin\mt.exe /nologo /verbose /outputresource:"D:\VS_projects\Studio_10\main\Debug\main.exe;#1" /manifest Debug\main.exe.intermediate.manifest
       FinalizeBuildStatus:
         Файл "Debug\main.unsuccessfulbuild" удаляется.
         Обращение к "Debug\main.lastbuildstate".
     1>Построение проекта "D:\VS_projects\Studio_10\main\main\main.vcxproj" завершено (целевые объекты build).

Построение успешно завершено.

Затраченное время: 00:00:01.45
